<?xml version="1.0" encoding="UTF-8"?>
<testsuite name="com.sparta.miniproject.MiniProjectApplicationTests" tests="1" skipped="0" failures="0" errors="0" timestamp="2022-09-05T06:22:34" hostname="김성준" time="0.129">
  <properties/>
  <testcase name="contextLoads()" classname="com.sparta.miniproject.MiniProjectApplicationTests" time="0.129"/>
  <system-out><![CDATA[15:22:27.803 [Test worker] DEBUG org.springframework.test.context.BootstrapUtils - Instantiating CacheAwareContextLoaderDelegate from class [org.springframework.test.context.cache.DefaultCacheAwareContextLoaderDelegate]
15:22:27.817 [Test worker] DEBUG org.springframework.test.context.BootstrapUtils - Instantiating BootstrapContext using constructor [public org.springframework.test.context.support.DefaultBootstrapContext(java.lang.Class,org.springframework.test.context.CacheAwareContextLoaderDelegate)]
15:22:27.854 [Test worker] DEBUG org.springframework.test.context.BootstrapUtils - Instantiating TestContextBootstrapper for test class [com.sparta.miniproject.MiniProjectApplicationTests] from class [org.springframework.boot.test.context.SpringBootTestContextBootstrapper]
15:22:27.867 [Test worker] INFO org.springframework.boot.test.context.SpringBootTestContextBootstrapper - Neither @ContextConfiguration nor @ContextHierarchy found for test class [com.sparta.miniproject.MiniProjectApplicationTests], using SpringBootContextLoader
15:22:27.872 [Test worker] DEBUG org.springframework.test.context.support.AbstractContextLoader - Did not detect default resource location for test class [com.sparta.miniproject.MiniProjectApplicationTests]: class path resource [com/sparta/miniproject/MiniProjectApplicationTests-context.xml] does not exist
15:22:27.872 [Test worker] DEBUG org.springframework.test.context.support.AbstractContextLoader - Did not detect default resource location for test class [com.sparta.miniproject.MiniProjectApplicationTests]: class path resource [com/sparta/miniproject/MiniProjectApplicationTestsContext.groovy] does not exist
15:22:27.872 [Test worker] INFO org.springframework.test.context.support.AbstractContextLoader - Could not detect default resource locations for test class [com.sparta.miniproject.MiniProjectApplicationTests]: no resource found for suffixes {-context.xml, Context.groovy}.
15:22:27.873 [Test worker] INFO org.springframework.test.context.support.AnnotationConfigContextLoaderUtils - Could not detect default configuration classes for test class [com.sparta.miniproject.MiniProjectApplicationTests]: MiniProjectApplicationTests does not declare any static, non-private, non-final, nested classes annotated with @Configuration.
15:22:27.922 [Test worker] DEBUG org.springframework.test.context.support.ActiveProfilesUtils - Could not find an 'annotation declaring class' for annotation type [org.springframework.test.context.ActiveProfiles] and class [com.sparta.miniproject.MiniProjectApplicationTests]
15:22:27.987 [Test worker] DEBUG org.springframework.context.annotation.ClassPathScanningCandidateComponentProvider - Identified candidate component class: file [C:\Users\kevin\Documents\GitHub\MiniProject\MiniProject_BE\build\classes\java\main\com\sparta\miniproject\MiniProjectApplication.class]
15:22:27.988 [Test worker] INFO org.springframework.boot.test.context.SpringBootTestContextBootstrapper - Found @SpringBootConfiguration com.sparta.miniproject.MiniProjectApplication for test class com.sparta.miniproject.MiniProjectApplicationTests
15:22:28.117 [Test worker] DEBUG org.springframework.boot.test.context.SpringBootTestContextBootstrapper - @TestExecutionListeners is not present for class [com.sparta.miniproject.MiniProjectApplicationTests]: using defaults.
15:22:28.118 [Test worker] INFO org.springframework.boot.test.context.SpringBootTestContextBootstrapper - Loaded default TestExecutionListener class names from location [META-INF/spring.factories]: [org.springframework.boot.test.autoconfigure.restdocs.RestDocsTestExecutionListener, org.springframework.boot.test.autoconfigure.web.client.MockRestServiceServerResetTestExecutionListener, org.springframework.boot.test.autoconfigure.web.servlet.MockMvcPrintOnlyOnFailureTestExecutionListener, org.springframework.boot.test.autoconfigure.web.servlet.WebDriverTestExecutionListener, org.springframework.boot.test.autoconfigure.webservices.client.MockWebServiceServerTestExecutionListener, org.springframework.boot.test.mock.mockito.MockitoTestExecutionListener, org.springframework.boot.test.mock.mockito.ResetMocksTestExecutionListener, org.springframework.test.context.web.ServletTestExecutionListener, org.springframework.test.context.support.DirtiesContextBeforeModesTestExecutionListener, org.springframework.test.context.event.ApplicationEventsTestExecutionListener, org.springframework.test.context.support.DependencyInjectionTestExecutionListener, org.springframework.test.context.support.DirtiesContextTestExecutionListener, org.springframework.test.context.transaction.TransactionalTestExecutionListener, org.springframework.test.context.jdbc.SqlScriptsTestExecutionListener, org.springframework.test.context.event.EventPublishingTestExecutionListener]
15:22:28.136 [Test worker] INFO org.springframework.boot.test.context.SpringBootTestContextBootstrapper - Using TestExecutionListeners: [org.springframework.test.context.web.ServletTestExecutionListener@51c929ae, org.springframework.test.context.support.DirtiesContextBeforeModesTestExecutionListener@3c8bdd5b, org.springframework.test.context.event.ApplicationEventsTestExecutionListener@29d2d081, org.springframework.boot.test.mock.mockito.MockitoTestExecutionListener@40e4ea87, org.springframework.boot.test.autoconfigure.SpringBootDependencyInjectionTestExecutionListener@58783f6c, org.springframework.test.context.support.DirtiesContextTestExecutionListener@3a7b503d, org.springframework.test.context.transaction.TransactionalTestExecutionListener@512d92b, org.springframework.test.context.jdbc.SqlScriptsTestExecutionListener@62c5bbdc, org.springframework.test.context.event.EventPublishingTestExecutionListener@7bdf6bb7, org.springframework.boot.test.autoconfigure.restdocs.RestDocsTestExecutionListener@1bc53649, org.springframework.boot.test.autoconfigure.web.client.MockRestServiceServerResetTestExecutionListener@88d6f9b, org.springframework.boot.test.autoconfigure.web.servlet.MockMvcPrintOnlyOnFailureTestExecutionListener@47d93e0d, org.springframework.boot.test.autoconfigure.web.servlet.WebDriverTestExecutionListener@475b7792, org.springframework.boot.test.autoconfigure.webservices.client.MockWebServiceServerTestExecutionListener@751e664e, org.springframework.boot.test.mock.mockito.ResetMocksTestExecutionListener@160c3ec1]
15:22:28.141 [Test worker] DEBUG org.springframework.test.context.support.AbstractDirtiesContextTestExecutionListener - Before test class: context [DefaultTestContext@2c22a348 testClass = MiniProjectApplicationTests, testInstance = [null], testMethod = [null], testException = [null], mergedContextConfiguration = [WebMergedContextConfiguration@7bd69e82 testClass = MiniProjectApplicationTests, locations = '{}', classes = '{class com.sparta.miniproject.MiniProjectApplication}', contextInitializerClasses = '[]', activeProfiles = '{}', propertySourceLocations = '{}', propertySourceProperties = '{org.springframework.boot.test.context.SpringBootTestContextBootstrapper=true}', contextCustomizers = set[org.springframework.boot.test.autoconfigure.actuate.metrics.MetricsExportContextCustomizerFactory$DisableMetricExportContextCustomizer@56a4479a, org.springframework.boot.test.autoconfigure.properties.PropertyMappingContextCustomizer@0, org.springframework.boot.test.autoconfigure.web.servlet.WebDriverContextCustomizerFactory$Customizer@5b444398, org.springframework.boot.test.context.filter.ExcludeFilterContextCustomizer@79145d5a, org.springframework.boot.test.json.DuplicateJsonObjectContextCustomizerFactory$DuplicateJsonObjectContextCustomizer@505a9d7c, org.springframework.boot.test.mock.mockito.MockitoContextCustomizer@0, org.springframework.boot.test.web.client.TestRestTemplateContextCustomizer@ea9b7c6, org.springframework.boot.test.context.SpringBootTestArgs@1, org.springframework.boot.test.context.SpringBootTestWebEnvironment@2dc9b0f5], resourceBasePath = 'src/main/webapp', contextLoader = 'org.springframework.boot.test.context.SpringBootContextLoader', parent = [null]], attributes = map['org.springframework.test.context.web.ServletTestExecutionListener.activateListener' -> true]], class annotated with @DirtiesContext [false] with mode [null].

  .   ____          _            __ _ _
 /\\ / ___'_ __ _ _(_)_ __  __ _ \ \ \ \
( ( )\___ | '_ | '_| | '_ \/ _` | \ \ \ \
 \\/  ___)| |_)| | | | | || (_| |  ) ) ) )
  '  |____| .__|_| |_|_| |_\__, | / / / /
 =========|_|==============|___/=/_/_/_/
 :: Spring Boot ::                (v2.7.3)

2022-09-05 15:22:28.516  INFO 18964 --- [    Test worker] c.s.m.MiniProjectApplicationTests        : Starting MiniProjectApplicationTests using Java 11.0.16 on 김성준 with PID 18964 (started by kevin in C:\Users\kevin\Documents\GitHub\MiniProject\MiniProject_BE)
2022-09-05 15:22:28.518  INFO 18964 --- [    Test worker] c.s.m.MiniProjectApplicationTests        : No active profile set, falling back to 1 default profile: "default"
2022-09-05 15:22:29.424  INFO 18964 --- [    Test worker] .s.d.r.c.RepositoryConfigurationDelegate : Bootstrapping Spring Data JPA repositories in DEFAULT mode.
2022-09-05 15:22:29.517  INFO 18964 --- [    Test worker] .s.d.r.c.RepositoryConfigurationDelegate : Finished Spring Data repository scanning in 83 ms. Found 3 JPA repository interfaces.
2022-09-05 15:22:30.166  INFO 18964 --- [    Test worker] o.hibernate.jpa.internal.util.LogHelper  : HHH000204: Processing PersistenceUnitInfo [name: default]
2022-09-05 15:22:30.237  INFO 18964 --- [    Test worker] org.hibernate.Version                    : HHH000412: Hibernate ORM core version 5.6.10.Final
2022-09-05 15:22:30.460  INFO 18964 --- [    Test worker] o.hibernate.annotations.common.Version   : HCANN000001: Hibernate Commons Annotations {5.1.2.Final}
2022-09-05 15:22:30.610  INFO 18964 --- [    Test worker] com.zaxxer.hikari.HikariDataSource       : HikariPool-1 - Starting...
2022-09-05 15:22:31.231  INFO 18964 --- [    Test worker] com.zaxxer.hikari.HikariDataSource       : HikariPool-1 - Start completed.
2022-09-05 15:22:31.268  INFO 18964 --- [    Test worker] org.hibernate.dialect.Dialect            : HHH000400: Using dialect: org.hibernate.dialect.MySQL8Dialect
2022-09-05 15:22:32.276  INFO 18964 --- [    Test worker] o.h.e.t.j.p.i.JtaPlatformInitiator       : HHH000490: Using JtaPlatform implementation: [org.hibernate.engine.transaction.jta.platform.internal.NoJtaPlatform]
2022-09-05 15:22:32.285  INFO 18964 --- [    Test worker] j.LocalContainerEntityManagerFactoryBean : Initialized JPA EntityManagerFactory for persistence unit 'default'
2022-09-05 15:22:33.099  WARN 18964 --- [    Test worker] JpaBaseConfiguration$JpaWebConfiguration : spring.jpa.open-in-view is enabled by default. Therefore, database queries may be performed during view rendering. Explicitly configure spring.jpa.open-in-view to disable this warning
2022-09-05 15:22:33.589  INFO 18964 --- [    Test worker] o.s.s.web.DefaultSecurityFilterChain     : Will secure any request with [org.springframework.security.web.session.DisableEncodeUrlFilter@11a0c708, org.springframework.security.web.context.request.async.WebAsyncManagerIntegrationFilter@30bfdcc5, org.springframework.security.web.context.SecurityContextPersistenceFilter@1aebe759, org.springframework.security.web.header.HeaderWriterFilter@6265a548, org.springframework.web.filter.CorsFilter@1e9b0c92, org.springframework.security.web.authentication.logout.LogoutFilter@b859355, com.sparta.miniproject.jwt.JwtFilter@5bfeb9ba, org.springframework.security.web.savedrequest.RequestCacheAwareFilter@590336ed, org.springframework.security.web.servletapi.SecurityContextHolderAwareRequestFilter@1c97c3bb, org.springframework.security.web.authentication.AnonymousAuthenticationFilter@4cf1bd4a, org.springframework.security.web.session.SessionManagementFilter@4028aab2, org.springframework.security.web.access.ExceptionTranslationFilter@6fe77a97, org.springframework.security.web.access.intercept.FilterSecurityInterceptor@1e733bb5]
2022-09-05 15:22:34.125  INFO 18964 --- [    Test worker] c.s.m.MiniProjectApplicationTests        : Started MiniProjectApplicationTests in 5.941 seconds (JVM running for 7.411)
]]></system-out>
  <system-err><![CDATA[]]></system-err>
</testsuite>
