<?xml version="1.0" encoding="UTF-8"?>
<testsuite name="com.sparta.miniproject.MiniProjectApplicationTests" tests="1" skipped="0" failures="0" errors="0" timestamp="2022-09-07T04:15:49" hostname="김성준" time="0.197">
  <properties/>
  <testcase name="contextLoads()" classname="com.sparta.miniproject.MiniProjectApplicationTests" time="0.197"/>
  <system-out><![CDATA[13:15:40.543 [Test worker] DEBUG org.springframework.test.context.BootstrapUtils - Instantiating CacheAwareContextLoaderDelegate from class [org.springframework.test.context.cache.DefaultCacheAwareContextLoaderDelegate]
13:15:40.560 [Test worker] DEBUG org.springframework.test.context.BootstrapUtils - Instantiating BootstrapContext using constructor [public org.springframework.test.context.support.DefaultBootstrapContext(java.lang.Class,org.springframework.test.context.CacheAwareContextLoaderDelegate)]
13:15:40.604 [Test worker] DEBUG org.springframework.test.context.BootstrapUtils - Instantiating TestContextBootstrapper for test class [com.sparta.miniproject.MiniProjectApplicationTests] from class [org.springframework.boot.test.context.SpringBootTestContextBootstrapper]
13:15:40.620 [Test worker] INFO org.springframework.boot.test.context.SpringBootTestContextBootstrapper - Neither @ContextConfiguration nor @ContextHierarchy found for test class [com.sparta.miniproject.MiniProjectApplicationTests], using SpringBootContextLoader
13:15:40.626 [Test worker] DEBUG org.springframework.test.context.support.AbstractContextLoader - Did not detect default resource location for test class [com.sparta.miniproject.MiniProjectApplicationTests]: class path resource [com/sparta/miniproject/MiniProjectApplicationTests-context.xml] does not exist
13:15:40.626 [Test worker] DEBUG org.springframework.test.context.support.AbstractContextLoader - Did not detect default resource location for test class [com.sparta.miniproject.MiniProjectApplicationTests]: class path resource [com/sparta/miniproject/MiniProjectApplicationTestsContext.groovy] does not exist
13:15:40.627 [Test worker] INFO org.springframework.test.context.support.AbstractContextLoader - Could not detect default resource locations for test class [com.sparta.miniproject.MiniProjectApplicationTests]: no resource found for suffixes {-context.xml, Context.groovy}.
13:15:40.627 [Test worker] INFO org.springframework.test.context.support.AnnotationConfigContextLoaderUtils - Could not detect default configuration classes for test class [com.sparta.miniproject.MiniProjectApplicationTests]: MiniProjectApplicationTests does not declare any static, non-private, non-final, nested classes annotated with @Configuration.
13:15:40.684 [Test worker] DEBUG org.springframework.test.context.support.ActiveProfilesUtils - Could not find an 'annotation declaring class' for annotation type [org.springframework.test.context.ActiveProfiles] and class [com.sparta.miniproject.MiniProjectApplicationTests]
13:15:40.776 [Test worker] DEBUG org.springframework.context.annotation.ClassPathScanningCandidateComponentProvider - Identified candidate component class: file [C:\Users\kevin\Documents\GitHub\MiniProject\MiniProject_BE\build\classes\java\main\com\sparta\miniproject\MiniProjectApplication.class]
13:15:40.777 [Test worker] INFO org.springframework.boot.test.context.SpringBootTestContextBootstrapper - Found @SpringBootConfiguration com.sparta.miniproject.MiniProjectApplication for test class com.sparta.miniproject.MiniProjectApplicationTests
13:15:40.948 [Test worker] DEBUG org.springframework.boot.test.context.SpringBootTestContextBootstrapper - @TestExecutionListeners is not present for class [com.sparta.miniproject.MiniProjectApplicationTests]: using defaults.
13:15:40.949 [Test worker] INFO org.springframework.boot.test.context.SpringBootTestContextBootstrapper - Loaded default TestExecutionListener class names from location [META-INF/spring.factories]: [org.springframework.boot.test.autoconfigure.restdocs.RestDocsTestExecutionListener, org.springframework.boot.test.autoconfigure.web.client.MockRestServiceServerResetTestExecutionListener, org.springframework.boot.test.autoconfigure.web.servlet.MockMvcPrintOnlyOnFailureTestExecutionListener, org.springframework.boot.test.autoconfigure.web.servlet.WebDriverTestExecutionListener, org.springframework.boot.test.autoconfigure.webservices.client.MockWebServiceServerTestExecutionListener, org.springframework.boot.test.mock.mockito.MockitoTestExecutionListener, org.springframework.boot.test.mock.mockito.ResetMocksTestExecutionListener, org.springframework.test.context.web.ServletTestExecutionListener, org.springframework.test.context.support.DirtiesContextBeforeModesTestExecutionListener, org.springframework.test.context.event.ApplicationEventsTestExecutionListener, org.springframework.test.context.support.DependencyInjectionTestExecutionListener, org.springframework.test.context.support.DirtiesContextTestExecutionListener, org.springframework.test.context.transaction.TransactionalTestExecutionListener, org.springframework.test.context.jdbc.SqlScriptsTestExecutionListener, org.springframework.test.context.event.EventPublishingTestExecutionListener]
13:15:40.972 [Test worker] INFO org.springframework.boot.test.context.SpringBootTestContextBootstrapper - Using TestExecutionListeners: [org.springframework.test.context.web.ServletTestExecutionListener@3fcdcf, org.springframework.test.context.support.DirtiesContextBeforeModesTestExecutionListener@7668d560, org.springframework.test.context.event.ApplicationEventsTestExecutionListener@46292372, org.springframework.boot.test.mock.mockito.MockitoTestExecutionListener@126be319, org.springframework.boot.test.autoconfigure.SpringBootDependencyInjectionTestExecutionListener@6c44052e, org.springframework.test.context.support.DirtiesContextTestExecutionListener@5c371e13, org.springframework.test.context.transaction.TransactionalTestExecutionListener@530a8454, org.springframework.test.context.jdbc.SqlScriptsTestExecutionListener@1e34c607, org.springframework.test.context.event.EventPublishingTestExecutionListener@5215cd9a, org.springframework.boot.test.autoconfigure.restdocs.RestDocsTestExecutionListener@36b6964d, org.springframework.boot.test.autoconfigure.web.client.MockRestServiceServerResetTestExecutionListener@31198ceb, org.springframework.boot.test.autoconfigure.web.servlet.MockMvcPrintOnlyOnFailureTestExecutionListener@9257031, org.springframework.boot.test.autoconfigure.web.servlet.WebDriverTestExecutionListener@75201592, org.springframework.boot.test.autoconfigure.webservices.client.MockWebServiceServerTestExecutionListener@7726e185, org.springframework.boot.test.mock.mockito.ResetMocksTestExecutionListener@aa5455e]
13:15:40.977 [Test worker] DEBUG org.springframework.test.context.support.AbstractDirtiesContextTestExecutionListener - Before test class: context [DefaultTestContext@50cf5a23 testClass = MiniProjectApplicationTests, testInstance = [null], testMethod = [null], testException = [null], mergedContextConfiguration = [WebMergedContextConfiguration@450794b4 testClass = MiniProjectApplicationTests, locations = '{}', classes = '{class com.sparta.miniproject.MiniProjectApplication}', contextInitializerClasses = '[]', activeProfiles = '{}', propertySourceLocations = '{}', propertySourceProperties = '{org.springframework.boot.test.context.SpringBootTestContextBootstrapper=true}', contextCustomizers = set[org.springframework.boot.test.autoconfigure.actuate.metrics.MetricsExportContextCustomizerFactory$DisableMetricExportContextCustomizer@2a3c96e3, org.springframework.boot.test.autoconfigure.properties.PropertyMappingContextCustomizer@0, org.springframework.boot.test.autoconfigure.web.servlet.WebDriverContextCustomizerFactory$Customizer@1fcb4808, org.springframework.boot.test.context.filter.ExcludeFilterContextCustomizer@e077866, org.springframework.boot.test.json.DuplicateJsonObjectContextCustomizerFactory$DuplicateJsonObjectContextCustomizer@1c7fd41f, org.springframework.boot.test.mock.mockito.MockitoContextCustomizer@0, org.springframework.boot.test.web.client.TestRestTemplateContextCustomizer@1fdfafd2, org.springframework.boot.test.context.SpringBootTestArgs@1, org.springframework.boot.test.context.SpringBootTestWebEnvironment@205d38da], resourceBasePath = 'src/main/webapp', contextLoader = 'org.springframework.boot.test.context.SpringBootContextLoader', parent = [null]], attributes = map['org.springframework.test.context.web.ServletTestExecutionListener.activateListener' -> true]], class annotated with @DirtiesContext [false] with mode [null].

  .   ____          _            __ _ _
 /\\ / ___'_ __ _ _(_)_ __  __ _ \ \ \ \
( ( )\___ | '_ | '_| | '_ \/ _` | \ \ \ \
 \\/  ___)| |_)| | | | | || (_| |  ) ) ) )
  '  |____| .__|_| |_|_| |_\__, | / / / /
 =========|_|==============|___/=/_/_/_/
 :: Spring Boot ::                (v2.7.3)

2022-09-07 13:15:41.391  INFO 24772 --- [    Test worker] c.s.m.MiniProjectApplicationTests        : Starting MiniProjectApplicationTests using Java 11.0.16 on 김성준 with PID 24772 (started by kevin in C:\Users\kevin\Documents\GitHub\MiniProject\MiniProject_BE)
2022-09-07 13:15:41.392  INFO 24772 --- [    Test worker] c.s.m.MiniProjectApplicationTests        : No active profile set, falling back to 1 default profile: "default"
2022-09-07 13:15:42.459  INFO 24772 --- [    Test worker] .s.d.r.c.RepositoryConfigurationDelegate : Bootstrapping Spring Data JPA repositories in DEFAULT mode.
2022-09-07 13:15:42.549  INFO 24772 --- [    Test worker] .s.d.r.c.RepositoryConfigurationDelegate : Finished Spring Data repository scanning in 81 ms. Found 4 JPA repository interfaces.
2022-09-07 13:15:42.907  INFO 24772 --- [    Test worker] trationDelegate$BeanPostProcessorChecker : Bean 'credentialsProvider' of type [com.amazonaws.auth.AWSCredentialsProviderChain] is not eligible for getting processed by all BeanPostProcessors (for example: not eligible for auto-proxying)
2022-09-07 13:15:43.290  INFO 24772 --- [    Test worker] o.hibernate.jpa.internal.util.LogHelper  : HHH000204: Processing PersistenceUnitInfo [name: default]
2022-09-07 13:15:43.376  INFO 24772 --- [    Test worker] org.hibernate.Version                    : HHH000412: Hibernate ORM core version 5.6.10.Final
2022-09-07 13:15:43.618  INFO 24772 --- [    Test worker] o.hibernate.annotations.common.Version   : HCANN000001: Hibernate Commons Annotations {5.1.2.Final}
2022-09-07 13:15:43.783  INFO 24772 --- [    Test worker] com.zaxxer.hikari.HikariDataSource       : HikariPool-1 - Starting...
2022-09-07 13:15:44.404  INFO 24772 --- [    Test worker] com.zaxxer.hikari.HikariDataSource       : HikariPool-1 - Start completed.
2022-09-07 13:15:44.451  INFO 24772 --- [    Test worker] org.hibernate.dialect.Dialect            : HHH000400: Using dialect: org.hibernate.dialect.MySQL8Dialect
2022-09-07 13:15:45.746  INFO 24772 --- [    Test worker] o.h.e.t.j.p.i.JtaPlatformInitiator       : HHH000490: Using JtaPlatform implementation: [org.hibernate.engine.transaction.jta.platform.internal.NoJtaPlatform]
2022-09-07 13:15:45.759  INFO 24772 --- [    Test worker] j.LocalContainerEntityManagerFactoryBean : Initialized JPA EntityManagerFactory for persistence unit 'default'
2022-09-07 13:15:46.302  WARN 24772 --- [    Test worker] JpaBaseConfiguration$JpaWebConfiguration : spring.jpa.open-in-view is enabled by default. Therefore, database queries may be performed during view rendering. Explicitly configure spring.jpa.open-in-view to disable this warning
2022-09-07 13:15:48.734  INFO 24772 --- [    Test worker] o.s.s.web.DefaultSecurityFilterChain     : Will secure any request with [org.springframework.security.web.session.DisableEncodeUrlFilter@6fb3d3bb, org.springframework.security.web.context.request.async.WebAsyncManagerIntegrationFilter@38a3c078, org.springframework.security.web.context.SecurityContextPersistenceFilter@72fc6b5e, org.springframework.security.web.header.HeaderWriterFilter@7d583602, org.springframework.web.filter.CorsFilter@4d6fa22c, org.springframework.security.web.authentication.logout.LogoutFilter@68ac6e6e, com.sparta.miniproject.jwt.JwtFilter@3a5663ef, org.springframework.security.web.savedrequest.RequestCacheAwareFilter@289d9f0d, org.springframework.security.web.servletapi.SecurityContextHolderAwareRequestFilter@39aaa7db, org.springframework.security.web.authentication.AnonymousAuthenticationFilter@4b094115, org.springframework.security.web.session.SessionManagementFilter@6cb1da13, org.springframework.security.web.access.ExceptionTranslationFilter@6d21a69f, org.springframework.security.web.access.intercept.FilterSecurityInterceptor@5eb89000]
2022-09-07 13:15:49.440  INFO 24772 --- [    Test worker] c.s.m.MiniProjectApplicationTests        : Started MiniProjectApplicationTests in 8.412 seconds (JVM running for 10.513)
]]></system-out>
  <system-err><![CDATA[]]></system-err>
</testsuite>
